<?xml version="1.0" encoding="UTF-8"?>
<!-- Generated by org.testng.reporters.JUnitReportReporter -->
<testsuite skipped="0" hostname="i.local" name="com.robot.test.WikiTest" tests="1" failures="0" timestamp="21 六月 2019 11:52:18 GMT" time="0.674" errors="0">
  <testcase name="testSaveMarkdown" time="0.674" classname="com.robot.test.WikiTest"/>
</testsuite> <!-- com.robot.test.WikiTest -->
